[46740:44160:0906/233712.575:INFO:components\enterprise\browser\controller\chrome_browser_cloud_management_controller.cc:202] No machine level policy manager exists.
[41556:41936:0906/233712.655:INFO:third_party\webrtc\rtc_base\cpu_info.cc:88] Available number of cores: 16
[34352:33528:0906/233712.657:INFO:third_party\webrtc\rtc_base\cpu_info.cc:88] Available number of cores: 16
[43060:32256:0906/233712.783:VERBOSE1:components\viz\service\main\viz_main_impl.cc:86] VizNullHypothesis is disabled (not a warning)
[42308:42004:0906/233712.912:INFO:third_party\webrtc\rtc_base\cpu_info.cc:88] Available number of cores: 16
[44836:44820:0906/233713.056:INFO:third_party\webrtc\rtc_base\cpu_info.cc:88] Available number of cores: 16
[46740:44160:0906/233713.831:INFO:CONSOLE:2] "JQMIGRATE: Migrate is installed, version 3.4.1", source: https://useinsider.com/wp-includes/js/jquery/jquery-migrate.min.js?ver=3.4.1 (2)
[46740:44160:0906/233714.079:INFO:CONSOLE:1] "Uncaught TypeError: Cannot read properties of undefined (reading 'querySelectorAll')", source: https://useinsider.com/assets/js/index-v100.js (1)
[46740:44160:0906/233714.113:INFO:CONSOLE:2] "jQuery.Deferred exception: Cannot set properties of null (setting 'src') TypeError: Cannot set properties of null (setting 'src')
    at HTMLDocument.<anonymous> (https://useinsider.com/wp-content/themes/useinsider/homepage_modules_onelineform.js:486:50)
    at e (https://useinsider.com/wp-includes/js/jquery/jquery.min.js?ver=3.7.1:2:27028)
    at https://useinsider.com/wp-includes/js/jquery/jquery.min.js?ver=3.7.1:2:27330 undefined", source: https://useinsider.com/wp-includes/js/jquery/jquery.min.js?ver=3.7.1 (2)
[46740:44160:0906/233714.289:INFO:CONSOLE:2] "Uncaught TypeError: Cannot set properties of null (setting 'src')", source: https://useinsider.com/wp-includes/js/jquery/jquery.min.js?ver=3.7.1 (2)
[46740:44160:0906/233714.293:INFO:CONSOLE:1] "Uncaught TypeError: Cannot read properties of undefined (reading 'remove')", source: https://useinsider.com/assets/js/index-v100.js (1)
[18356:32776:0906/233714.485:INFO:third_party\webrtc\rtc_base\cpu_info.cc:88] Available number of cores: 16
[46740:14592:0906/233723.530:ERROR:google_apis\gcm\engine\registration_request.cc:291] Registration response error message: DEPRECATED_ENDPOINT
[46740:44160:0906/233724.761:INFO:CONSOLE:1] "Uncaught TypeError: Cannot read properties of undefined (reading 'length')", source: https://useinsider.com/assets/js/index-v100.js (1)
[46740:44160:0906/233724.797:INFO:CONSOLE:2] "JQMIGRATE: Migrate is installed, version 3.4.1", source: https://useinsider.com/wp-includes/js/jquery/jquery-migrate.min.js?ver=3.4.1 (2)
[46740:44160:0906/233724.896:INFO:CONSOLE:76] "Uncaught TypeError: Cannot read properties of null (reading 'addEventListener')", source: https://useinsider.com/wp-content/plugins/insider_custom_elementor_widgets/widgets/case_studies/widgets//js-v2/elevator_script.js (76)
[46740:44160:0906/233724.901:INFO:CONSOLE:6] "Uncaught TypeError: Cannot read properties of null (reading 'addEventListener')", source: https://cdnjs.cloudflare.com/ajax/libs/hammer.js/2.0.8/hammer.min.js?ver=2.0.8 (6)
[46740:44160:0906/233724.928:INFO:CONSOLE:1] "jQuery.Deferred exception: Cannot read properties of null (reading 'addEventListener') TypeError: Cannot read properties of null (reading 'addEventListener')
    at input_filter (https://useinsider.com/wp-content/themes/useinsider/functions/integrations/integration-elementor/widgets/js/script.js?ver=6.8.2:86:16)
    at HTMLDocument.<anonymous> (https://useinsider.com/wp-content/themes/useinsider/functions/integrations/integration-elementor/widgets/js/script.js?ver=6.8.2:176:3)
    at a (https://useinsider.com/assets/js/index-v100.js:1:393092)
    at c (https://useinsider.com/assets/js/index-v100.js:1:393416) undefined", source: https://useinsider.com/assets/js/index-v100.js (1)
[46740:44160:0906/233724.928:INFO:CONSOLE:1] "jQuery.Deferred exception: Cannot read properties of null (reading 'addEventListener') TypeError: Cannot read properties of null (reading 'addEventListener')
    at input_filter (https://useinsider.com/wp-content/themes/useinsider/functions/solution-partners/solution-elementor/widgets/js/script.js?ver=6.8.2:50:31)
    at HTMLDocument.<anonymous> (https://useinsider.com/wp-content/themes/useinsider/functions/solution-partners/solution-elementor/widgets/js/script.js?ver=6.8.2:100:5)
    at a (https://useinsider.com/assets/js/index-v100.js:1:393092)
    at c (https://useinsider.com/assets/js/index-v100.js:1:393416) undefined", source: https://useinsider.com/assets/js/index-v100.js (1)
[46740:44160:0906/233724.928:INFO:CONSOLE:1] "jQuery.Deferred exception: Cannot read properties of null (reading 'addEventListener') TypeError: Cannot read properties of null (reading 'addEventListener')
    at input_filter (https://useinsider.com/wp-content/themes/useinsider/functions/tech-partners/tech-elementor/widgets/js/script.js?ver=6.8.2:50:27)
    at HTMLDocument.<anonymous> (https://useinsider.com/wp-content/themes/useinsider/functions/tech-partners/tech-elementor/widgets/js/script.js?ver=6.8.2:100:5)
    at a (https://useinsider.com/assets/js/index-v100.js:1:393092)
    at c (https://useinsider.com/assets/js/index-v100.js:1:393416) undefined", source: https://useinsider.com/assets/js/index-v100.js (1)
[46740:44160:0906/233724.957:INFO:CONSOLE:1] "Uncaught TypeError: Cannot read properties of null (reading 'addEventListener')", source: https://useinsider.com/assets/js/index-v100.js (1)
[46740:44160:0906/233724.957:INFO:CONSOLE:1] "Uncaught TypeError: Cannot read properties of null (reading 'addEventListener')", source: https://useinsider.com/assets/js/index-v100.js (1)
[46740:44160:0906/233724.957:INFO:CONSOLE:1] "Uncaught TypeError: Cannot read properties of null (reading 'addEventListener')", source: https://useinsider.com/assets/js/index-v100.js (1)
[46740:44160:0906/233724.958:INFO:CONSOLE:1] "Uncaught TypeError: Cannot read properties of undefined (reading 'remove')", source: https://useinsider.com/assets/js/index-v100.js (1)
[46740:44160:0906/233725.727:INFO:CONSOLE:2] "JQMIGRATE: Migrate is installed, version 3.4.1", source: https://useinsider.com/wp-includes/js/jquery/jquery-migrate.min.js?ver=3.4.1 (2)
[46740:44160:0906/233725.790:INFO:CONSOLE:76] "Uncaught TypeError: Cannot read properties of null (reading 'addEventListener')", source: https://useinsider.com/wp-content/plugins/insider_custom_elementor_widgets/widgets/case_studies/widgets//js-v2/elevator_script.js (76)
[46740:44160:0906/233725.792:INFO:CONSOLE:6] "Uncaught TypeError: Cannot read properties of null (reading 'addEventListener')", source: https://cdnjs.cloudflare.com/ajax/libs/hammer.js/2.0.8/hammer.min.js?ver=2.0.8 (6)
[46740:44160:0906/233725.810:INFO:CONSOLE:1] "jQuery.Deferred exception: Cannot read properties of null (reading 'addEventListener') TypeError: Cannot read properties of null (reading 'addEventListener')
    at input_filter (https://useinsider.com/wp-content/themes/useinsider/functions/integrations/integration-elementor/widgets/js/script.js?ver=6.8.2:86:16)
    at HTMLDocument.<anonymous> (https://useinsider.com/wp-content/themes/useinsider/functions/integrations/integration-elementor/widgets/js/script.js?ver=6.8.2:176:3)
    at a (https://useinsider.com/assets/js/index-v100.js:1:393092)
    at c (https://useinsider.com/assets/js/index-v100.js:1:393416) undefined", source: https://useinsider.com/assets/js/index-v100.js (1)
[46740:44160:0906/233725.810:INFO:CONSOLE:1] "jQuery.Deferred exception: Cannot read properties of null (reading 'addEventListener') TypeError: Cannot read properties of null (reading 'addEventListener')
    at input_filter (https://useinsider.com/wp-content/themes/useinsider/functions/solution-partners/solution-elementor/widgets/js/script.js?ver=6.8.2:50:31)
    at HTMLDocument.<anonymous> (https://useinsider.com/wp-content/themes/useinsider/functions/solution-partners/solution-elementor/widgets/js/script.js?ver=6.8.2:100:5)
    at a (https://useinsider.com/assets/js/index-v100.js:1:393092)
    at c (https://useinsider.com/assets/js/index-v100.js:1:393416) undefined", source: https://useinsider.com/assets/js/index-v100.js (1)
[46740:44160:0906/233725.811:INFO:CONSOLE:1] "jQuery.Deferred exception: Cannot read properties of null (reading 'addEventListener') TypeError: Cannot read properties of null (reading 'addEventListener')
    at input_filter (https://useinsider.com/wp-content/themes/useinsider/functions/tech-partners/tech-elementor/widgets/js/script.js?ver=6.8.2:50:27)
    at HTMLDocument.<anonymous> (https://useinsider.com/wp-content/themes/useinsider/functions/tech-partners/tech-elementor/widgets/js/script.js?ver=6.8.2:100:5)
    at a (https://useinsider.com/assets/js/index-v100.js:1:393092)
    at c (https://useinsider.com/assets/js/index-v100.js:1:393416) undefined", source: https://useinsider.com/assets/js/index-v100.js (1)
[46740:44160:0906/233725.824:INFO:CONSOLE:1] "Uncaught TypeError: Cannot read properties of null (reading 'addEventListener')", source: https://useinsider.com/assets/js/index-v100.js (1)
[46740:44160:0906/233725.824:INFO:CONSOLE:1] "Uncaught TypeError: Cannot read properties of null (reading 'addEventListener')", source: https://useinsider.com/assets/js/index-v100.js (1)
[46740:44160:0906/233725.824:INFO:CONSOLE:1] "Uncaught TypeError: Cannot read properties of null (reading 'addEventListener')", source: https://useinsider.com/assets/js/index-v100.js (1)
[46740:44160:0906/233725.879:INFO:CONSOLE:1] "Uncaught TypeError: Cannot read properties of undefined (reading 'remove')", source: https://useinsider.com/assets/js/index-v100.js (1)
[46740:44160:0906/233726.482:INFO:CONSOLE:2] "JQMIGRATE: Migrate is installed, version 3.4.1", source: https://useinsider.com/wp-includes/js/jquery/jquery-migrate.min.js?ver=3.4.1 (2)
[46740:44160:0906/233726.636:INFO:CONSOLE:1] "Uncaught TypeError: Cannot read properties of undefined (reading 'remove')", source: https://useinsider.com/assets/js/index-v100.js (1)
[46740:44160:0906/233728.367:INFO:CONSOLE:62] "istanbul-turkiye", source: https://useinsider.com/assets/js/lever.js (62)
[46740:44160:0906/233728.367:INFO:CONSOLE:62] "full-time", source: https://useinsider.com/assets/js/lever.js (62)
[46740:44160:0906/233728.367:INFO:CONSOLE:62] "sales", source: https://useinsider.com/assets/js/lever.js (62)
[46740:44160:0906/233728.367:INFO:CONSOLE:62] "paris-france", source: https://useinsider.com/assets/js/lever.js (62)
[46740:44160:0906/233728.367:INFO:CONSOLE:62] "full-time", source: https://useinsider.com/assets/js/lever.js (62)
[46740:44160:0906/233728.367:INFO:CONSOLE:62] "sales", source: https://useinsider.com/assets/js/lever.js (62)
[46740:44160:0906/233728.367:INFO:CONSOLE:62] "berlin-germany", source: https://useinsider.com/assets/js/lever.js (62)
[46740:44160:0906/233728.367:INFO:CONSOLE:62] "full-time", source: https://useinsider.com/assets/js/lever.js (62)
[46740:44160:0906/233728.367:INFO:CONSOLE:62] "sales", source: https://useinsider.com/assets/js/lever.js (62)
[46740:44160:0906/233728.367:INFO:CONSOLE:62] "bengaluru", source: https://useinsider.com/assets/js/lever.js (62)
[46740:44160:0906/233728.367:INFO:CONSOLE:62] "full-time", source: https://useinsider.com/assets/js/lever.js (62)
[46740:44160:0906/233728.367:INFO:CONSOLE:62] "sales", source: https://useinsider.com/assets/js/lever.js (62)
[46740:44160:0906/233728.367:INFO:CONSOLE:62] "mexicocity-mexico", source: https://useinsider.com/assets/js/lever.js (62)
[46740:44160:0906/233728.367:INFO:CONSOLE:62] "full-time", source: https://useinsider.com/assets/js/lever.js (62)
[46740:44160:0906/233728.367:INFO:CONSOLE:62] "customersuccess", source: https://useinsider.com/assets/js/lever.js (62)
[46740:44160:0906/233728.367:INFO:CONSOLE:62] "bangkok-thailand", source: https://useinsider.com/assets/js/lever.js (62)
[46740:44160:0906/233728.368:INFO:CONSOLE:62] "full-time", source: https://useinsider.com/assets/js/lever.js (62)
[46740:44160:0906/233728.368:INFO:CONSOLE:62] "sales", source: https://useinsider.com/assets/js/lever.js (62)
[46740:44160:0906/233728.368:INFO:CONSOLE:62] "unitedstates", source: https://useinsider.com/assets/js/lever.js (62)
[46740:44160:0906/233728.368:INFO:CONSOLE:62] "full-time", source: https://useinsider.com/assets/js/lever.js (62)
[46740:44160:0906/233728.368:INFO:CONSOLE:62] "sales", source: https://useinsider.com/assets/js/lever.js (62)
[46740:44160:0906/233728.368:INFO:CONSOLE:62] "hochiminhcity-vietnam", source: https://useinsider.com/assets/js/lever.js (62)
[46740:44160:0906/233728.368:INFO:CONSOLE:62] "full-time", source: https://useinsider.com/assets/js/lever.js (62)
[46740:44160:0906/233728.368:INFO:CONSOLE:62] "sales", source: https://useinsider.com/assets/js/lever.js (62)
[46740:44160:0906/233728.368:INFO:CONSOLE:62] "jakarta-indonesia", source: https://useinsider.com/assets/js/lever.js (62)
[46740:44160:0906/233728.368:INFO:CONSOLE:62] "full-time", source: https://useinsider.com/assets/js/lever.js (62)
[46740:44160:0906/233728.368:INFO:CONSOLE:62] "sales", source: https://useinsider.com/assets/js/lever.js (62)
[46740:44160:0906/233728.368:INFO:CONSOLE:62] "taipei-taiwan", source: https://useinsider.com/assets/js/lever.js (62)
[46740:44160:0906/233728.368:INFO:CONSOLE:62] "full-time", source: https://useinsider.com/assets/js/lever.js (62)
[46740:44160:0906/233728.368:INFO:CONSOLE:62] "sales", source: https://useinsider.com/assets/js/lever.js (62)
[46740:44160:0906/233728.368:INFO:CONSOLE:62] "sydney-australia", source: https://useinsider.com/assets/js/lever.js (62)
[46740:44160:0906/233728.368:INFO:CONSOLE:62] "full-time", source: https://useinsider.com/assets/js/lever.js (62)
[46740:44160:0906/233728.368:INFO:CONSOLE:62] "sales", source: https://useinsider.com/assets/js/lever.js (62)
[46740:44160:0906/233728.368:INFO:CONSOLE:62] "saopaulo-brazil", source: https://useinsider.com/assets/js/lever.js (62)
[46740:44160:0906/233728.368:INFO:CONSOLE:62] "full-time", source: https://useinsider.com/assets/js/lever.js (62)
[46740:44160:0906/233728.368:INFO:CONSOLE:62] "sales", source: https://useinsider.com/assets/js/lever.js (62)
[46740:44160:0906/233730.134:INFO:CONSOLE:162] "[Meta Pixel] - Duplicate Pixel ID: 2507423339485137.", source: https://connect.facebook.net/en_US/fbevents.js (162)
[46740:44160:0906/233731.112:INFO:CONSOLE:62] "istanbul-turkiye", source: https://useinsider.com/assets/js/lever.js (62)
[46740:44160:0906/233731.112:INFO:CONSOLE:62] "full-time", source: https://useinsider.com/assets/js/lever.js (62)
[46740:44160:0906/233731.112:INFO:CONSOLE:62] "sales", source: https://useinsider.com/assets/js/lever.js (62)
[46740:44160:0906/233731.112:INFO:CONSOLE:62] "paris-france", source: https://useinsider.com/assets/js/lever.js (62)
[46740:44160:0906/233731.112:INFO:CONSOLE:62] "full-time", source: https://useinsider.com/assets/js/lever.js (62)
[46740:44160:0906/233731.112:INFO:CONSOLE:62] "sales", source: https://useinsider.com/assets/js/lever.js (62)
[46740:44160:0906/233731.112:INFO:CONSOLE:62] "berlin-germany", source: https://useinsider.com/assets/js/lever.js (62)
[46740:44160:0906/233731.112:INFO:CONSOLE:62] "full-time", source: https://useinsider.com/assets/js/lever.js (62)
[46740:44160:0906/233731.112:INFO:CONSOLE:62] "sales", source: https://useinsider.com/assets/js/lever.js (62)
[46740:44160:0906/233731.112:INFO:CONSOLE:62] "bengaluru", source: https://useinsider.com/assets/js/lever.js (62)
[46740:44160:0906/233731.112:INFO:CONSOLE:62] "full-time", source: https://useinsider.com/assets/js/lever.js (62)
[46740:44160:0906/233731.112:INFO:CONSOLE:62] "sales", source: https://useinsider.com/assets/js/lever.js (62)
[46740:44160:0906/233731.112:INFO:CONSOLE:62] "mexicocity-mexico", source: https://useinsider.com/assets/js/lever.js (62)
[46740:44160:0906/233731.112:INFO:CONSOLE:62] "full-time", source: https://useinsider.com/assets/js/lever.js (62)
[46740:44160:0906/233731.112:INFO:CONSOLE:62] "customersuccess", source: https://useinsider.com/assets/js/lever.js (62)
[46740:44160:0906/233731.112:INFO:CONSOLE:62] "bangkok-thailand", source: https://useinsider.com/assets/js/lever.js (62)
[46740:44160:0906/233731.112:INFO:CONSOLE:62] "full-time", source: https://useinsider.com/assets/js/lever.js (62)
[46740:44160:0906/233731.112:INFO:CONSOLE:62] "sales", source: https://useinsider.com/assets/js/lever.js (62)
[46740:44160:0906/233731.112:INFO:CONSOLE:62] "unitedstates", source: https://useinsider.com/assets/js/lever.js (62)
[46740:44160:0906/233731.112:INFO:CONSOLE:62] "full-time", source: https://useinsider.com/assets/js/lever.js (62)
[46740:44160:0906/233731.112:INFO:CONSOLE:62] "sales", source: https://useinsider.com/assets/js/lever.js (62)
[46740:44160:0906/233731.112:INFO:CONSOLE:62] "hochiminhcity-vietnam", source: https://useinsider.com/assets/js/lever.js (62)
[46740:44160:0906/233731.112:INFO:CONSOLE:62] "full-time", source: https://useinsider.com/assets/js/lever.js (62)
[46740:44160:0906/233731.112:INFO:CONSOLE:62] "sales", source: https://useinsider.com/assets/js/lever.js (62)
[46740:44160:0906/233731.112:INFO:CONSOLE:62] "jakarta-indonesia", source: https://useinsider.com/assets/js/lever.js (62)
[46740:44160:0906/233731.112:INFO:CONSOLE:62] "full-time", source: https://useinsider.com/assets/js/lever.js (62)
[46740:44160:0906/233731.112:INFO:CONSOLE:62] "sales", source: https://useinsider.com/assets/js/lever.js (62)
[46740:44160:0906/233731.112:INFO:CONSOLE:62] "taipei-taiwan", source: https://useinsider.com/assets/js/lever.js (62)
[46740:44160:0906/233731.112:INFO:CONSOLE:62] "full-time", source: https://useinsider.com/assets/js/lever.js (62)
[46740:44160:0906/233731.112:INFO:CONSOLE:62] "sales", source: https://useinsider.com/assets/js/lever.js (62)
[46740:44160:0906/233731.112:INFO:CONSOLE:62] "sydney-australia", source: https://useinsider.com/assets/js/lever.js (62)
[46740:44160:0906/233731.112:INFO:CONSOLE:62] "full-time", source: https://useinsider.com/assets/js/lever.js (62)
[46740:44160:0906/233731.112:INFO:CONSOLE:62] "sales", source: https://useinsider.com/assets/js/lever.js (62)
[46740:44160:0906/233731.113:INFO:CONSOLE:62] "saopaulo-brazil", source: https://useinsider.com/assets/js/lever.js (62)
[46740:44160:0906/233731.113:INFO:CONSOLE:62] "full-time", source: https://useinsider.com/assets/js/lever.js (62)
[46740:44160:0906/233731.113:INFO:CONSOLE:62] "sales", source: https://useinsider.com/assets/js/lever.js (62)
[46740:44160:0906/233732.388:INFO:CONSOLE:62] "sales", source: https://useinsider.com/assets/js/lever.js (62)
[46740:44160:0906/233732.388:INFO:CONSOLE:62] "sales", source: https://useinsider.com/assets/js/lever.js (62)
[46740:44160:0906/233732.388:INFO:CONSOLE:62] "sales", source: https://useinsider.com/assets/js/lever.js (62)
[46740:44160:0906/233732.388:INFO:CONSOLE:62] "sales", source: https://useinsider.com/assets/js/lever.js (62)
[46740:44160:0906/233732.388:INFO:CONSOLE:62] "customersuccess", source: https://useinsider.com/assets/js/lever.js (62)
[46740:44160:0906/233732.388:INFO:CONSOLE:62] "sales", source: https://useinsider.com/assets/js/lever.js (62)
[46740:44160:0906/233732.388:INFO:CONSOLE:62] "sales", source: https://useinsider.com/assets/js/lever.js (62)
[46740:44160:0906/233732.388:INFO:CONSOLE:62] "sales", source: https://useinsider.com/assets/js/lever.js (62)
[46740:44160:0906/233732.388:INFO:CONSOLE:62] "sales", source: https://useinsider.com/assets/js/lever.js (62)
[46740:44160:0906/233732.388:INFO:CONSOLE:62] "sales", source: https://useinsider.com/assets/js/lever.js (62)
[46740:44160:0906/233732.388:INFO:CONSOLE:62] "sales", source: https://useinsider.com/assets/js/lever.js (62)
[46740:44160:0906/233732.388:INFO:CONSOLE:62] "sales", source: https://useinsider.com/assets/js/lever.js (62)
[46740:44160:0906/233732.388:INFO:CONSOLE:62] "sales", source: https://useinsider.com/assets/js/lever.js (62)
[46740:44160:0906/233732.388:INFO:CONSOLE:62] "sales", source: https://useinsider.com/assets/js/lever.js (62)
[46740:44160:0906/233732.388:INFO:CONSOLE:62] "sales", source: https://useinsider.com/assets/js/lever.js (62)
[46740:44160:0906/233732.388:INFO:CONSOLE:62] "sales", source: https://useinsider.com/assets/js/lever.js (62)
[46740:44160:0906/233732.388:INFO:CONSOLE:62] "sales", source: https://useinsider.com/assets/js/lever.js (62)
[46740:44160:0906/233732.388:INFO:CONSOLE:62] "financebusinesssupport", source: https://useinsider.com/assets/js/lever.js (62)
[46740:44160:0906/233732.388:INFO:CONSOLE:62] "productmanagement", source: https://useinsider.com/assets/js/lever.js (62)
[46740:44160:0906/233732.388:INFO:CONSOLE:62] "financebusinesssupport", source: https://useinsider.com/assets/js/lever.js (62)
[46740:44160:0906/233732.388:INFO:CONSOLE:62] "customersuccess", source: https://useinsider.com/assets/js/lever.js (62)
[46740:44160:0906/233732.388:INFO:CONSOLE:62] "sales", source: https://useinsider.com/assets/js/lever.js (62)
[46740:44160:0906/233732.388:INFO:CONSOLE:62] "sales", source: https://useinsider.com/assets/js/lever.js (62)
[46740:44160:0906/233732.389:INFO:CONSOLE:62] "ceosexecutiveoffice", source: https://useinsider.com/assets/js/lever.js (62)
[46740:44160:0906/233732.389:INFO:CONSOLE:62] "customersuccess", source: https://useinsider.com/assets/js/lever.js (62)
[46740:44160:0906/233732.389:INFO:CONSOLE:62] "financebusinesssupport", source: https://useinsider.com/assets/js/lever.js (62)
[46740:44160:0906/233732.389:INFO:CONSOLE:62] "sales", source: https://useinsider.com/assets/js/lever.js (62)
[46740:44160:0906/233732.389:INFO:CONSOLE:62] "customersuccess", source: https://useinsider.com/assets/js/lever.js (62)
[46740:44160:0906/233732.389:INFO:CONSOLE:62] "customersuccess", source: https://useinsider.com/assets/js/lever.js (62)
[46740:44160:0906/233732.389:INFO:CONSOLE:62] "sales", source: https://useinsider.com/assets/js/lever.js (62)
[46740:44160:0906/233732.389:INFO:CONSOLE:62] "customersuccess", source: https://useinsider.com/assets/js/lever.js (62)
[46740:44160:0906/233732.389:INFO:CONSOLE:62] "businessdevelopment", source: https://useinsider.com/assets/js/lever.js (62)
[46740:44160:0906/233732.389:INFO:CONSOLE:62] "humanresources", source: https://useinsider.com/assets/js/lever.js (62)
[46740:44160:0906/233732.389:INFO:CONSOLE:62] "marketingandcommunications", source: https://useinsider.com/assets/js/lever.js (62)
[46740:44160:0906/233732.389:INFO:CONSOLE:62] "marketingandcommunications", source: https://useinsider.com/assets/js/lever.js (62)
[46740:44160:0906/233732.389:INFO:CONSOLE:62] "marketingdesign", source: https://useinsider.com/assets/js/lever.js (62)
[46740:44160:0906/233732.389:INFO:CONSOLE:62] "customersuccess", source: https://useinsider.com/assets/js/lever.js (62)
[46740:44160:0906/233732.389:INFO:CONSOLE:62] "customersuccess", source: https://useinsider.com/assets/js/lever.js (62)
[46740:44160:0906/233732.389:INFO:CONSOLE:62] "customersuccess", source: https://useinsider.com/assets/js/lever.js (62)
[46740:44160:0906/233732.389:INFO:CONSOLE:62] "customersuccess", source: https://useinsider.com/assets/js/lever.js (62)
[46740:44160:0906/233732.389:INFO:CONSOLE:62] "customersuccess", source: https://useinsider.com/assets/js/lever.js (62)
[46740:44160:0906/233732.389:INFO:CONSOLE:62] "customersuccess", source: https://useinsider.com/assets/js/lever.js (62)
[46740:44160:0906/233732.389:INFO:CONSOLE:62] "customersuccess", source: https://useinsider.com/assets/js/lever.js (62)
[46740:44160:0906/233732.389:INFO:CONSOLE:62] "mindbehind", source: https://useinsider.com/assets/js/lever.js (62)
[46740:44160:0906/233732.389:INFO:CONSOLE:62] "customersuccess", source: https://useinsider.com/assets/js/lever.js (62)
[46740:44160:0906/233732.389:INFO:CONSOLE:62] "customersuccess", source: https://useinsider.com/assets/js/lever.js (62)
[46740:44160:0906/233732.389:INFO:CONSOLE:62] "customersuccess", source: https://useinsider.com/assets/js/lever.js (62)
[46740:44160:0906/233732.389:INFO:CONSOLE:62] "customersuccess", source: https://useinsider.com/assets/js/lever.js (62)
[46740:44160:0906/233732.389:INFO:CONSOLE:62] "customersuccess", source: https://useinsider.com/assets/js/lever.js (62)
[46740:44160:0906/233732.389:INFO:CONSOLE:62] "customersuccess", source: https://useinsider.com/assets/js/lever.js (62)
[46740:44160:0906/233732.389:INFO:CONSOLE:62] "customersuccess", source: https://useinsider.com/assets/js/lever.js (62)
[46740:44160:0906/233732.389:INFO:CONSOLE:62] "customersuccess", source: https://useinsider.com/assets/js/lever.js (62)
[46740:44160:0906/233732.389:INFO:CONSOLE:62] "customersuccess", source: https://useinsider.com/assets/js/lever.js (62)
[46740:44160:0906/233732.389:INFO:CONSOLE:62] "customersuccess", source: https://useinsider.com/assets/js/lever.js (62)
[46740:44160:0906/233732.389:INFO:CONSOLE:62] "customersuccess", source: https://useinsider.com/assets/js/lever.js (62)
[46740:44160:0906/233732.389:INFO:CONSOLE:62] "customersuccess", source: https://useinsider.com/assets/js/lever.js (62)
[46740:44160:0906/233732.389:INFO:CONSOLE:62] "customereducation", source: https://useinsider.com/assets/js/lever.js (62)
[46740:44160:0906/233732.389:INFO:CONSOLE:62] "sales", source: https://useinsider.com/assets/js/lever.js (62)
[46740:44160:0906/233732.389:INFO:CONSOLE:62] "softwaredevelopment", source: https://useinsider.com/assets/js/lever.js (62)
[46740:44160:0906/233732.389:INFO:CONSOLE:62] "sales", source: https://useinsider.com/assets/js/lever.js (62)
[46740:44160:0906/233732.389:INFO:CONSOLE:62] "sales", source: https://useinsider.com/assets/js/lever.js (62)
[46740:44160:0906/233732.389:INFO:CONSOLE:62] "customersuccess", source: https://useinsider.com/assets/js/lever.js (62)
[46740:44160:0906/233732.389:INFO:CONSOLE:62] "sales", source: https://useinsider.com/assets/js/lever.js (62)
[46740:44160:0906/233732.389:INFO:CONSOLE:62] "sales", source: https://useinsider.com/assets/js/lever.js (62)
[46740:44160:0906/233732.390:INFO:CONSOLE:62] "sales", source: https://useinsider.com/assets/js/lever.js (62)
[46740:44160:0906/233732.390:INFO:CONSOLE:62] "customersuccess", source: https://useinsider.com/assets/js/lever.js (62)
[46740:44160:0906/233732.390:INFO:CONSOLE:62] "marketingandcommunications", source: https://useinsider.com/assets/js/lever.js (62)
[46740:44160:0906/233732.390:INFO:CONSOLE:62] "marketingandcommunications", source: https://useinsider.com/assets/js/lever.js (62)
[46740:44160:0906/233732.390:INFO:CONSOLE:62] "financebusinesssupport", source: https://useinsider.com/assets/js/lever.js (62)
[46740:44160:0906/233732.390:INFO:CONSOLE:62] "financebusinesssupport", source: https://useinsider.com/assets/js/lever.js (62)
[46740:44160:0906/233732.390:INFO:CONSOLE:62] "softwaredevelopment", source: https://useinsider.com/assets/js/lever.js (62)
[46740:44160:0906/233732.390:INFO:CONSOLE:62] "financebusinesssupport", source: https://useinsider.com/assets/js/lever.js (62)
[46740:44160:0906/233732.390:INFO:CONSOLE:62] "sales", source: https://useinsider.com/assets/js/lever.js (62)
[46740:44160:0906/233732.390:INFO:CONSOLE:62] "sales", source: https://useinsider.com/assets/js/lever.js (62)
[46740:44160:0906/233732.390:INFO:CONSOLE:62] "humanresources", source: https://useinsider.com/assets/js/lever.js (62)
[46740:44160:0906/233732.390:INFO:CONSOLE:62] "marketingandcommunications", source: https://useinsider.com/assets/js/lever.js (62)
[46740:44160:0906/233732.390:INFO:CONSOLE:62] "marketingandcommunications", source: https://useinsider.com/assets/js/lever.js (62)
[46740:44160:0906/233732.390:INFO:CONSOLE:62] "humanresources", source: https://useinsider.com/assets/js/lever.js (62)
[46740:44160:0906/233732.390:INFO:CONSOLE:62] "financebusinesssupport", source: https://useinsider.com/assets/js/lever.js (62)
[46740:44160:0906/233732.390:INFO:CONSOLE:62] "financebusinesssupport", source: https://useinsider.com/assets/js/lever.js (62)
[46740:44160:0906/233732.390:INFO:CONSOLE:62] "financebusinesssupport", source: https://useinsider.com/assets/js/lever.js (62)
[46740:44160:0906/233732.390:INFO:CONSOLE:62] "humanresources", source: https://useinsider.com/assets/js/lever.js (62)
[46740:44160:0906/233732.390:INFO:CONSOLE:62] "customersuccess", source: https://useinsider.com/assets/js/lever.js (62)
[46740:44160:0906/233732.390:INFO:CONSOLE:62] "softwaredevelopment", source: https://useinsider.com/assets/js/lever.js (62)
[46740:44160:0906/233732.390:INFO:CONSOLE:62] "sales", source: https://useinsider.com/assets/js/lever.js (62)
[46740:44160:0906/233732.390:INFO:CONSOLE:62] "sales", source: https://useinsider.com/assets/js/lever.js (62)
[46740:44160:0906/233732.390:INFO:CONSOLE:62] "sales", source: https://useinsider.com/assets/js/lever.js (62)
[46740:44160:0906/233732.390:INFO:CONSOLE:62] "sales", source: https://useinsider.com/assets/js/lever.js (62)
[46740:44160:0906/233732.390:INFO:CONSOLE:62] "sales", source: https://useinsider.com/assets/js/lever.js (62)
[46740:44160:0906/233732.390:INFO:CONSOLE:62] "sales", source: https://useinsider.com/assets/js/lever.js (62)
[46740:44160:0906/233732.390:INFO:CONSOLE:62] "operations", source: https://useinsider.com/assets/js/lever.js (62)
[46740:44160:0906/233732.390:INFO:CONSOLE:62] "marketingandcommunications", source: https://useinsider.com/assets/js/lever.js (62)
[46740:44160:0906/233732.390:INFO:CONSOLE:62] "humanresources", source: https://useinsider.com/assets/js/lever.js (62)
[46740:44160:0906/233732.390:INFO:CONSOLE:62] "humanresources", source: https://useinsider.com/assets/js/lever.js (62)
[46740:44160:0906/233732.390:INFO:CONSOLE:62] "softwaredevelopment", source: https://useinsider.com/assets/js/lever.js (62)
[46740:44160:0906/233732.390:INFO:CONSOLE:62] "salesoperations", source: https://useinsider.com/assets/js/lever.js (62)
[46740:44160:0906/233732.390:INFO:CONSOLE:62] "marketingandcommunications", source: https://useinsider.com/assets/js/lever.js (62)
[46740:44160:0906/233732.390:INFO:CONSOLE:62] "marketingandcommunications", source: https://useinsider.com/assets/js/lever.js (62)
[46740:44160:0906/233732.390:INFO:CONSOLE:62] "marketingandcommunications", source: https://useinsider.com/assets/js/lever.js (62)
[46740:44160:0906/233732.390:INFO:CONSOLE:62] "marketingandcommunications", source: https://useinsider.com/assets/js/lever.js (62)
[46740:44160:0906/233732.390:INFO:CONSOLE:62] "marketingandcommunications", source: https://useinsider.com/assets/js/lever.js (62)
[46740:44160:0906/233732.390:INFO:CONSOLE:62] "marketingandcommunications", source: https://useinsider.com/assets/js/lever.js (62)
[46740:44160:0906/233732.390:INFO:CONSOLE:62] "customersuccess", source: https://useinsider.com/assets/js/lever.js (62)
[46740:44160:0906/233732.391:INFO:CONSOLE:62] "salesoperations", source: https://useinsider.com/assets/js/lever.js (62)
[46740:44160:0906/233732.391:INFO:CONSOLE:62] "marketingdesign", source: https://useinsider.com/assets/js/lever.js (62)
[46740:44160:0906/233732.391:INFO:CONSOLE:62] "sales", source: https://useinsider.com/assets/js/lever.js (62)
[46740:44160:0906/233732.391:INFO:CONSOLE:62] "sales", source: https://useinsider.com/assets/js/lever.js (62)
[46740:44160:0906/233732.391:INFO:CONSOLE:62] "businessdevelopment", source: https://useinsider.com/assets/js/lever.js (62)
[46740:44160:0906/233732.391:INFO:CONSOLE:62] "sales", source: https://useinsider.com/assets/js/lever.js (62)
[46740:44160:0906/233732.391:INFO:CONSOLE:62] "businessdevelopment", source: https://useinsider.com/assets/js/lever.js (62)
[46740:44160:0906/233732.391:INFO:CONSOLE:62] "sales", source: https://useinsider.com/assets/js/lever.js (62)
[46740:44160:0906/233732.391:INFO:CONSOLE:62] "humanresources", source: https://useinsider.com/assets/js/lever.js (62)
[46740:44160:0906/233732.391:INFO:CONSOLE:62] "humanresources", source: https://useinsider.com/assets/js/lever.js (62)
[46740:44160:0906/233732.391:INFO:CONSOLE:62] "humanresources", source: https://useinsider.com/assets/js/lever.js (62)
[46740:44160:0906/233732.391:INFO:CONSOLE:62] "humanresources", source: https://useinsider.com/assets/js/lever.js (62)
[46740:44160:0906/233732.391:INFO:CONSOLE:62] "design", source: https://useinsider.com/assets/js/lever.js (62)
[46740:44160:0906/233732.391:INFO:CONSOLE:62] "productmanagement", source: https://useinsider.com/assets/js/lever.js (62)
[46740:44160:0906/233732.391:INFO:CONSOLE:62] "humanresources", source: https://useinsider.com/assets/js/lever.js (62)
[46740:44160:0906/233732.391:INFO:CONSOLE:62] "humanresources", source: https://useinsider.com/assets/js/lever.js (62)
[46740:44160:0906/233732.391:INFO:CONSOLE:62] "sales", source: https://useinsider.com/assets/js/lever.js (62)
[46740:44160:0906/233732.391:INFO:CONSOLE:62] "sales", source: https://useinsider.com/assets/js/lever.js (62)
[46740:44160:0906/233732.391:INFO:CONSOLE:62] "sales", source: https://useinsider.com/assets/js/lever.js (62)
[46740:44160:0906/233732.391:INFO:CONSOLE:62] "sales", source: https://useinsider.com/assets/js/lever.js (62)
[46740:44160:0906/233732.391:INFO:CONSOLE:62] "sales", source: https://useinsider.com/assets/js/lever.js (62)
[46740:44160:0906/233732.391:INFO:CONSOLE:62] "sales", source: https://useinsider.com/assets/js/lever.js (62)
[46740:44160:0906/233732.391:INFO:CONSOLE:62] "sales", source: https://useinsider.com/assets/js/lever.js (62)
[46740:44160:0906/233732.391:INFO:CONSOLE:62] "sales", source: https://useinsider.com/assets/js/lever.js (62)
[46740:44160:0906/233732.391:INFO:CONSOLE:62] "sales", source: https://useinsider.com/assets/js/lever.js (62)
[46740:44160:0906/233732.391:INFO:CONSOLE:62] "sales", source: https://useinsider.com/assets/js/lever.js (62)
[46740:44160:0906/233732.391:INFO:CONSOLE:62] "sales", source: https://useinsider.com/assets/js/lever.js (62)
[46740:44160:0906/233732.391:INFO:CONSOLE:62] "sales", source: https://useinsider.com/assets/js/lever.js (62)
[46740:44160:0906/233732.391:INFO:CONSOLE:62] "sales", source: https://useinsider.com/assets/js/lever.js (62)
[46740:44160:0906/233732.391:INFO:CONSOLE:62] "softwaredevelopment", source: https://useinsider.com/assets/js/lever.js (62)
[46740:44160:0906/233732.391:INFO:CONSOLE:62] "softwaredevelopment", source: https://useinsider.com/assets/js/lever.js (62)
[46740:44160:0906/233732.391:INFO:CONSOLE:62] "softwaredevelopment", source: https://useinsider.com/assets/js/lever.js (62)
[46740:44160:0906/233732.391:INFO:CONSOLE:62] "customersuccess", source: https://useinsider.com/assets/js/lever.js (62)
[46740:44160:0906/233732.391:INFO:CONSOLE:62] "softwaredevelopment", source: https://useinsider.com/assets/js/lever.js (62)
[46740:44160:0906/233732.391:INFO:CONSOLE:62] "softwaredevelopment", source: https://useinsider.com/assets/js/lever.js (62)
[46740:44160:0906/233732.391:INFO:CONSOLE:62] "softwaredevelopment", source: https://useinsider.com/assets/js/lever.js (62)
[46740:44160:0906/233732.391:INFO:CONSOLE:62] "softwaredevelopment", source: https://useinsider.com/assets/js/lever.js (62)
[46740:44160:0906/233732.391:INFO:CONSOLE:62] "softwaredevelopment", source: https://useinsider.com/assets/js/lever.js (62)
[46740:44160:0906/233732.391:INFO:CONSOLE:62] "humanresources", source: https://useinsider.com/assets/js/lever.js (62)
[46740:44160:0906/233732.391:INFO:CONSOLE:62] "softwaredevelopment", source: https://useinsider.com/assets/js/lever.js (62)
[46740:44160:0906/233732.392:INFO:CONSOLE:62] "softwaredevelopment", source: https://useinsider.com/assets/js/lever.js (62)
[46740:44160:0906/233732.392:INFO:CONSOLE:62] "productmanagement", source: https://useinsider.com/assets/js/lever.js (62)
[46740:44160:0906/233732.392:INFO:CONSOLE:62] "marketingandcommunications", source: https://useinsider.com/assets/js/lever.js (62)
[46740:44160:0906/233732.392:INFO:CONSOLE:62] "sales", source: https://useinsider.com/assets/js/lever.js (62)
[46740:44160:0906/233732.392:INFO:CONSOLE:62] "softwaredevelopment", source: https://useinsider.com/assets/js/lever.js (62)
[46740:44160:0906/233732.392:INFO:CONSOLE:62] "softwaredevelopment", source: https://useinsider.com/assets/js/lever.js (62)
[46740:44160:0906/233732.392:INFO:CONSOLE:62] "softwaredevelopment", source: https://useinsider.com/assets/js/lever.js (62)
[46740:44160:0906/233732.392:INFO:CONSOLE:62] "softwaredevelopment", source: https://useinsider.com/assets/js/lever.js (62)
[46740:44160:0906/233732.392:INFO:CONSOLE:62] "softwaredevelopment", source: https://useinsider.com/assets/js/lever.js (62)
[46740:44160:0906/233732.392:INFO:CONSOLE:62] "qualityassurance", source: https://useinsider.com/assets/js/lever.js (62)
[46740:44160:0906/233732.392:INFO:CONSOLE:62] "marketingandcommunications", source: https://useinsider.com/assets/js/lever.js (62)
[46740:44160:0906/233732.392:INFO:CONSOLE:62] "softwaredevelopment", source: https://useinsider.com/assets/js/lever.js (62)
[46740:44160:0906/233732.392:INFO:CONSOLE:62] "customersuccess", source: https://useinsider.com/assets/js/lever.js (62)
[46740:44160:0906/233732.392:INFO:CONSOLE:62] "qualityassurance", source: https://useinsider.com/assets/js/lever.js (62)
[46740:44160:0906/233732.392:INFO:CONSOLE:62] "qualityassurance", source: https://useinsider.com/assets/js/lever.js (62)
[46740:44160:0906/233732.392:INFO:CONSOLE:62] "customersuccess", source: https://useinsider.com/assets/js/lever.js (62)
[46740:44160:0906/233732.392:INFO:CONSOLE:62] "customersuccess", source: https://useinsider.com/assets/js/lever.js (62)
[46740:44160:0906/233732.392:INFO:CONSOLE:62] "customersuccess", source: https://useinsider.com/assets/js/lever.js (62)
[46740:44160:0906/233732.392:INFO:CONSOLE:62] "customersuccess", source: https://useinsider.com/assets/js/lever.js (62)
[46740:44160:0906/233732.392:INFO:CONSOLE:62] "customersuccess", source: https://useinsider.com/assets/js/lever.js (62)
[46740:44160:0906/233732.392:INFO:CONSOLE:62] "customersuccess", source: https://useinsider.com/assets/js/lever.js (62)
[46740:44160:0906/233732.392:INFO:CONSOLE:62] "customersuccess", source: https://useinsider.com/assets/js/lever.js (62)
[46740:44160:0906/233732.392:INFO:CONSOLE:62] "customersuccess", source: https://useinsider.com/assets/js/lever.js (62)
[46740:44160:0906/233732.392:INFO:CONSOLE:62] "customersuccess", source: https://useinsider.com/assets/js/lever.js (62)
[46740:44160:0906/233732.392:INFO:CONSOLE:62] "sales", source: https://useinsider.com/assets/js/lever.js (62)
[46740:44160:0906/233732.392:INFO:CONSOLE:62] "sales", source: https://useinsider.com/assets/js/lever.js (62)
[46740:44160:0906/233732.392:INFO:CONSOLE:62] "sales", source: https://useinsider.com/assets/js/lever.js (62)
[46740:44160:0906/233732.392:INFO:CONSOLE:62] "humanresources", source: https://useinsider.com/assets/js/lever.js (62)
[46740:44160:0906/233732.392:INFO:CONSOLE:62] "customersuccess", source: https://useinsider.com/assets/js/lever.js (62)
[46740:44160:0906/233732.392:INFO:CONSOLE:62] "customersuccess", source: https://useinsider.com/assets/js/lever.js (62)
[46740:44160:0906/233732.392:INFO:CONSOLE:62] "customersuccess", source: https://useinsider.com/assets/js/lever.js (62)
[46740:44160:0906/233732.392:INFO:CONSOLE:62] "customersuccess", source: https://useinsider.com/assets/js/lever.js (62)
[46740:44160:0906/233732.392:INFO:CONSOLE:62] "customersuccess", source: https://useinsider.com/assets/js/lever.js (62)
[46740:44160:0906/233732.392:INFO:CONSOLE:62] "customersuccess", source: https://useinsider.com/assets/js/lever.js (62)
[46740:44160:0906/233732.392:INFO:CONSOLE:62] "customersuccess", source: https://useinsider.com/assets/js/lever.js (62)
[46740:44160:0906/233732.392:INFO:CONSOLE:62] "customersuccess", source: https://useinsider.com/assets/js/lever.js (62)
[46740:44160:0906/233732.392:INFO:CONSOLE:62] "customersuccess", source: https://useinsider.com/assets/js/lever.js (62)
[46740:44160:0906/233732.392:INFO:CONSOLE:62] "customersuccess", source: https://useinsider.com/assets/js/lever.js (62)
[46740:44160:0906/233732.392:INFO:CONSOLE:62] "customersuccess", source: https://useinsider.com/assets/js/lever.js (62)
[46740:44160:0906/233732.393:INFO:CONSOLE:62] "customersuccess", source: https://useinsider.com/assets/js/lever.js (62)
[46740:44160:0906/233732.393:INFO:CONSOLE:62] "softwaredevelopment", source: https://useinsider.com/assets/js/lever.js (62)
[46740:44160:0906/233732.393:INFO:CONSOLE:62] "softwaredevelopment", source: https://useinsider.com/assets/js/lever.js (62)
[46740:44160:0906/233732.393:INFO:CONSOLE:62] "marketingdesign", source: https://useinsider.com/assets/js/lever.js (62)
[46740:44160:0906/233732.393:INFO:CONSOLE:62] "marketingdesign", source: https://useinsider.com/assets/js/lever.js (62)
[46740:44160:0906/233732.393:INFO:CONSOLE:62] "sales", source: https://useinsider.com/assets/js/lever.js (62)
[46740:44160:0906/233732.393:INFO:CONSOLE:62] "marketingandcommunications", source: https://useinsider.com/assets/js/lever.js (62)
[46740:44160:0906/233732.393:INFO:CONSOLE:62] "istanbul-turkiye", source: https://useinsider.com/assets/js/lever.js (62)
[46740:44160:0906/233732.393:INFO:CONSOLE:62] "paris-france", source: https://useinsider.com/assets/js/lever.js (62)
[46740:44160:0906/233732.393:INFO:CONSOLE:62] "berlin-germany", source: https://useinsider.com/assets/js/lever.js (62)
[46740:44160:0906/233732.393:INFO:CONSOLE:62] "bengaluru", source: https://useinsider.com/assets/js/lever.js (62)
[46740:44160:0906/233732.393:INFO:CONSOLE:62] "mexicocity-mexico", source: https://useinsider.com/assets/js/lever.js (62)
[46740:44160:0906/233732.393:INFO:CONSOLE:62] "bangkok-thailand", source: https://useinsider.com/assets/js/lever.js (62)
[46740:44160:0906/233732.393:INFO:CONSOLE:62] "unitedstates", source: https://useinsider.com/assets/js/lever.js (62)
[46740:44160:0906/233732.393:INFO:CONSOLE:62] "hochiminhcity-vietnam", source: https://useinsider.com/assets/js/lever.js (62)
[46740:44160:0906/233732.393:INFO:CONSOLE:62] "jakarta-indonesia", source: https://useinsider.com/assets/js/lever.js (62)
[46740:44160:0906/233732.393:INFO:CONSOLE:62] "taipei-taiwan", source: https://useinsider.com/assets/js/lever.js (62)
[46740:44160:0906/233732.393:INFO:CONSOLE:62] "sydney-australia", source: https://useinsider.com/assets/js/lever.js (62)
[46740:44160:0906/233732.393:INFO:CONSOLE:62] "saopaulo-brazil", source: https://useinsider.com/assets/js/lever.js (62)
[46740:44160:0906/233732.393:INFO:CONSOLE:62] "bogota-colombia", source: https://useinsider.com/assets/js/lever.js (62)
[46740:44160:0906/233732.393:INFO:CONSOLE:62] "istanbul-turkiye", source: https://useinsider.com/assets/js/lever.js (62)
[46740:44160:0906/233732.393:INFO:CONSOLE:62] "mexicocity-mexico", source: https://useinsider.com/assets/js/lever.js (62)
[46740:44160:0906/233732.393:INFO:CONSOLE:62] "unitedstates", source: https://useinsider.com/assets/js/lever.js (62)
[46740:44160:0906/233732.393:INFO:CONSOLE:62] "istanbul-turkiye", source: https://useinsider.com/assets/js/lever.js (62)
[46740:44160:0906/233732.393:INFO:CONSOLE:62] "istanbul-turkiye", source: https://useinsider.com/assets/js/lever.js (62)
[46740:44160:0906/233732.393:INFO:CONSOLE:62] "istanbul", source: https://useinsider.com/assets/js/lever.js (62)
[46740:44160:0906/233732.393:INFO:CONSOLE:62] "saopaulo-brazil", source: https://useinsider.com/assets/js/lever.js (62)
[46740:44160:0906/233732.393:INFO:CONSOLE:62] "istanbul-turkiye", source: https://useinsider.com/assets/js/lever.js (62)
[46740:44160:0906/233732.394:INFO:CONSOLE:62] "istanbul-turkiye", source: https://useinsider.com/assets/js/lever.js (62)
[46740:44160:0906/233732.394:INFO:CONSOLE:62] "sydney-australia", source: https://useinsider.com/assets/js/lever.js (62)
[46740:44160:0906/233732.394:INFO:CONSOLE:62] "istanbul-turkiye", source: https://useinsider.com/assets/js/lever.js (62)
[46740:44160:0906/233732.394:INFO:CONSOLE:62] "istanbul-turkiye", source: https://useinsider.com/assets/js/lever.js (62)
[46740:44160:0906/233732.394:INFO:CONSOLE:62] "istanbul-turkiye", source: https://useinsider.com/assets/js/lever.js (62)
[46740:44160:0906/233732.394:INFO:CONSOLE:62] "singapore-singapore", source: https://useinsider.com/assets/js/lever.js (62)
[46740:44160:0906/233732.394:INFO:CONSOLE:62] "istanbul-turkiye", source: https://useinsider.com/assets/js/lever.js (62)
[46740:44160:0906/233732.394:INFO:CONSOLE:62] "istanbul-turkiye", source: https://useinsider.com/assets/js/lever.js (62)
[46740:44160:0906/233732.394:INFO:CONSOLE:62] "istanbul-turkiye", source: https://useinsider.com/assets/js/lever.js (62)
[46740:44160:0906/233732.394:INFO:CONSOLE:62] "istanbul-turkiye", source: https://useinsider.com/assets/js/lever.js (62)
[46740:44160:0906/233732.394:INFO:CONSOLE:62] "seoul-southkorea", source: https://useinsider.com/assets/js/lever.js (62)
[46740:44160:0906/233732.394:INFO:CONSOLE:62] "istanbul-turkiye", source: https://useinsider.com/assets/js/lever.js (62)
[46740:44160:0906/233732.394:INFO:CONSOLE:62] "unitedstates", source: https://useinsider.com/assets/js/lever.js (62)
[46740:44160:0906/233732.394:INFO:CONSOLE:62] "unitedstates", source: https://useinsider.com/assets/js/lever.js (62)
[46740:44160:0906/233732.394:INFO:CONSOLE:62] "turkey", source: https://useinsider.com/assets/js/lever.js (62)
[46740:44160:0906/233732.394:INFO:CONSOLE:62] "istanbul-turkiye", source: https://useinsider.com/assets/js/lever.js (62)
[46740:44160:0906/233732.394:INFO:CONSOLE:62] "istanbul-turkiye", source: https://useinsider.com/assets/js/lever.js (62)
[46740:44160:0906/233732.394:INFO:CONSOLE:62] "istanbul-turkiye", source: https://useinsider.com/assets/js/lever.js (62)
[46740:44160:0906/233732.394:INFO:CONSOLE:62] "saopaulo-brazil", source: https://useinsider.com/assets/js/lever.js (62)
[46740:44160:0906/233732.394:INFO:CONSOLE:62] "berlin-germany", source: https://useinsider.com/assets/js/lever.js (62)
[46740:44160:0906/233732.394:INFO:CONSOLE:62] "unitedstates", source: https://useinsider.com/assets/js/lever.js (62)
[46740:44160:0906/233732.394:INFO:CONSOLE:62] "saopaulo-brazil", source: https://useinsider.com/assets/js/lever.js (62)
[46740:44160:0906/233732.394:INFO:CONSOLE:62] "istanbul-turkiye", source: https://useinsider.com/assets/js/lever.js (62)
[46740:44160:0906/233732.394:INFO:CONSOLE:62] "seoul-southkorea", source: https://useinsider.com/assets/js/lever.js (62)
[46740:44160:0906/233732.394:INFO:CONSOLE:62] "istanbul-turkiye", source: https://useinsider.com/assets/js/lever.js (62)
[46740:44160:0906/233732.394:INFO:CONSOLE:62] "sydney-australia", source: https://useinsider.com/assets/js/lever.js (62)
[46740:44160:0906/233732.394:INFO:CONSOLE:62] "sydney-australia", source: https://useinsider.com/assets/js/lever.js (62)
[46740:44160:0906/233732.394:INFO:CONSOLE:62] "saopaulo-brazil", source: https://useinsider.com/assets/js/lever.js (62)
[46740:44160:0906/233732.394:INFO:CONSOLE:62] "saopaulo-brazil", source: https://useinsider.com/assets/js/lever.js (62)
[46740:44160:0906/233732.394:INFO:CONSOLE:62] "berlin-germany", source: https://useinsider.com/assets/js/lever.js (62)
[46740:44160:0906/233732.394:INFO:CONSOLE:62] "istanbul-turkiye", source: https://useinsider.com/assets/js/lever.js (62)
[46740:44160:0906/233732.394:INFO:CONSOLE:62] "kualalumpur-malaysia", source: https://useinsider.com/assets/js/lever.js (62)
[46740:44160:0906/233732.394:INFO:CONSOLE:62] "mexicocity-mexico", source: https://useinsider.com/assets/js/lever.js (62)
[46740:44160:0906/233732.394:INFO:CONSOLE:62] "unitedstates", source: https://useinsider.com/assets/js/lever.js (62)
[46740:44160:0906/233732.394:INFO:CONSOLE:62] "hanoi-vietnam", source: https://useinsider.com/assets/js/lever.js (62)
[46740:44160:0906/233732.394:INFO:CONSOLE:62] "istanbul-turkiye", source: https://useinsider.com/assets/js/lever.js (62)
[46740:44160:0906/233732.394:INFO:CONSOLE:62] "istanbul-turkiye", source: https://useinsider.com/assets/js/lever.js (62)
[46740:44160:0906/233732.395:INFO:CONSOLE:62] "istanbul-turkiye", source: https://useinsider.com/assets/js/lever.js (62)
[46740:44160:0906/233732.395:INFO:CONSOLE:62] "istanbul-turkiye", source: https://useinsider.com/assets/js/lever.js (62)
[46740:44160:0906/233732.395:INFO:CONSOLE:62] "istanbul-turkiye", source: https://useinsider.com/assets/js/lever.js (62)
[46740:44160:0906/233732.395:INFO:CONSOLE:62] "saopaulo-brazil", source: https://useinsider.com/assets/js/lever.js (62)
[46740:44160:0906/233732.395:INFO:CONSOLE:62] "canada", source: https://useinsider.com/assets/js/lever.js (62)
[46740:44160:0906/233732.395:INFO:CONSOLE:62] "paris-france", source: https://useinsider.com/assets/js/lever.js (62)
[46740:44160:0906/233732.395:INFO:CONSOLE:62] "london-unitedkingdom", source: https://useinsider.com/assets/js/lever.js (62)
[46740:44160:0906/233732.395:INFO:CONSOLE:62] "hochiminhcity-vietnam", source: https://useinsider.com/assets/js/lever.js (62)
[46740:44160:0906/233732.395:INFO:CONSOLE:62] "bogota-colombia", source: https://useinsider.com/assets/js/lever.js (62)
[46740:44160:0906/233732.395:INFO:CONSOLE:62] "bengaluru", source: https://useinsider.com/assets/js/lever.js (62)
[46740:44160:0906/233732.395:INFO:CONSOLE:62] "istanbul-turkiye", source: https://useinsider.com/assets/js/lever.js (62)
[46740:44160:0906/233732.395:INFO:CONSOLE:62] "istanbul-turkiye", source: https://useinsider.com/assets/js/lever.js (62)
[46740:44160:0906/233732.395:INFO:CONSOLE:62] "istanbul-turkiye", source: https://useinsider.com/assets/js/lever.js (62)
[46740:44160:0906/233732.395:INFO:CONSOLE:62] "istanbul-turkiye", source: https://useinsider.com/assets/js/lever.js (62)
[46740:44160:0906/233732.395:INFO:CONSOLE:62] "unitedstates", source: https://useinsider.com/assets/js/lever.js (62)
[46740:44160:0906/233732.395:INFO:CONSOLE:62] "kualalumpur-malaysia", source: https://useinsider.com/assets/js/lever.js (62)
[46740:44160:0906/233732.395:INFO:CONSOLE:62] "istanbul-turkiye", source: https://useinsider.com/assets/js/lever.js (62)
[46740:44160:0906/233732.395:INFO:CONSOLE:62] "istanbul-turkiye", source: https://useinsider.com/assets/js/lever.js (62)
[46740:44160:0906/233732.395:INFO:CONSOLE:62] "paris-france", source: https://useinsider.com/assets/js/lever.js (62)
[46740:44160:0906/233732.395:INFO:CONSOLE:62] "istanbul-turkiye", source: https://useinsider.com/assets/js/lever.js (62)
[46740:44160:0906/233732.395:INFO:CONSOLE:62] "istanbul-turkiye", source: https://useinsider.com/assets/js/lever.js (62)
[46740:44160:0906/233732.395:INFO:CONSOLE:62] "istanbul-turkiye", source: https://useinsider.com/assets/js/lever.js (62)
[46740:44160:0906/233732.395:INFO:CONSOLE:62] "istanbul-turkiye", source: https://useinsider.com/assets/js/lever.js (62)
[46740:44160:0906/233732.395:INFO:CONSOLE:62] "saopaulo-brazil", source: https://useinsider.com/assets/js/lever.js (62)
[46740:44160:0906/233732.395:INFO:CONSOLE:62] "london-unitedkingdom", source: https://useinsider.com/assets/js/lever.js (62)
[46740:44160:0906/233732.395:INFO:CONSOLE:62] "istanbul-turkiye", source: https://useinsider.com/assets/js/lever.js (62)
[46740:44160:0906/233732.395:INFO:CONSOLE:62] "saopaulo-brazil", source: https://useinsider.com/assets/js/lever.js (62)
[46740:44160:0906/233732.395:INFO:CONSOLE:62] "bogota-colombia", source: https://useinsider.com/assets/js/lever.js (62)
[46740:44160:0906/233732.395:INFO:CONSOLE:62] "bogota-colombia", source: https://useinsider.com/assets/js/lever.js (62)
[46740:44160:0906/233732.395:INFO:CONSOLE:62] "seoul-southkorea", source: https://useinsider.com/assets/js/lever.js (62)
[46740:44160:0906/233732.395:INFO:CONSOLE:62] "mexicocity-mexico", source: https://useinsider.com/assets/js/lever.js (62)
[46740:44160:0906/233732.395:INFO:CONSOLE:62] "saopaulo-brazil", source: https://useinsider.com/assets/js/lever.js (62)
[46740:44160:0906/233732.395:INFO:CONSOLE:62] "istanbul-turkiye", source: https://useinsider.com/assets/js/lever.js (62)
[46740:44160:0906/233732.395:INFO:CONSOLE:62] "istanbul-turkiye", source: https://useinsider.com/assets/js/lever.js (62)
[46740:44160:0906/233732.395:INFO:CONSOLE:62] "istanbul-turkiye", source: https://useinsider.com/assets/js/lever.js (62)
[46740:44160:0906/233732.395:INFO:CONSOLE:62] "istanbul-turkiye", source: https://useinsider.com/assets/js/lever.js (62)
[46740:44160:0906/233732.395:INFO:CONSOLE:62] "istanbul-turkiye", source: https://useinsider.com/assets/js/lever.js (62)
[46740:44160:0906/233732.395:INFO:CONSOLE:62] "istanbul-turkiye", source: https://useinsider.com/assets/js/lever.js (62)
[46740:44160:0906/233732.395:INFO:CONSOLE:62] "istanbul-turkiye", source: https://useinsider.com/assets/js/lever.js (62)
[46740:44160:0906/233732.396:INFO:CONSOLE:62] "seoul-southkorea", source: https://useinsider.com/assets/js/lever.js (62)
[46740:44160:0906/233732.396:INFO:CONSOLE:62] "berlin-germany", source: https://useinsider.com/assets/js/lever.js (62)
[46740:44160:0906/233732.396:INFO:CONSOLE:62] "bengaluru", source: https://useinsider.com/assets/js/lever.js (62)
[46740:44160:0906/233732.396:INFO:CONSOLE:62] "turkey", source: https://useinsider.com/assets/js/lever.js (62)
[46740:44160:0906/233732.396:INFO:CONSOLE:62] "bengaluru", source: https://useinsider.com/assets/js/lever.js (62)
[46740:44160:0906/233732.396:INFO:CONSOLE:62] "saopaulo-brazil", source: https://useinsider.com/assets/js/lever.js (62)
[46740:44160:0906/233732.396:INFO:CONSOLE:62] "saopaulo-brazil", source: https://useinsider.com/assets/js/lever.js (62)
[46740:44160:0906/233732.396:INFO:CONSOLE:62] "turkey", source: https://useinsider.com/assets/js/lever.js (62)
[46740:44160:0906/233732.396:INFO:CONSOLE:62] "unitedstates", source: https://useinsider.com/assets/js/lever.js (62)
[46740:44160:0906/233732.396:INFO:CONSOLE:62] "paris-france", source: https://useinsider.com/assets/js/lever.js (62)
[46740:44160:0906/233732.396:INFO:CONSOLE:62] "london-unitedkingdom", source: https://useinsider.com/assets/js/lever.js (62)
[46740:44160:0906/233732.396:INFO:CONSOLE:62] "london-unitedkingdom", source: https://useinsider.com/assets/js/lever.js (62)
[46740:44160:0906/233732.396:INFO:CONSOLE:62] "berlin-germany", source: https://useinsider.com/assets/js/lever.js (62)
[46740:44160:0906/233732.396:INFO:CONSOLE:62] "bengaluru", source: https://useinsider.com/assets/js/lever.js (62)
[46740:44160:0906/233732.396:INFO:CONSOLE:62] "istanbul-turkiye", source: https://useinsider.com/assets/js/lever.js (62)
[46740:44160:0906/233732.396:INFO:CONSOLE:62] "istanbul-turkiye", source: https://useinsider.com/assets/js/lever.js (62)
[46740:44160:0906/233732.396:INFO:CONSOLE:62] "istanbul-turkiye", source: https://useinsider.com/assets/js/lever.js (62)
[46740:44160:0906/233732.396:INFO:CONSOLE:62] "istanbul-turkiye", source: https://useinsider.com/assets/js/lever.js (62)
[46740:44160:0906/233732.396:INFO:CONSOLE:62] "istanbul", source: https://useinsider.com/assets/js/lever.js (62)
[46740:44160:0906/233732.396:INFO:CONSOLE:62] "istanbul-turkiye", source: https://useinsider.com/assets/js/lever.js (62)
[46740:44160:0906/233732.396:INFO:CONSOLE:62] "bogota-colombia", source: https://useinsider.com/assets/js/lever.js (62)
[46740:44160:0906/233732.396:INFO:CONSOLE:62] "saopaulo-brazil", source: https://useinsider.com/assets/js/lever.js (62)
[46740:44160:0906/233732.396:INFO:CONSOLE:62] "istanbul-turkiye", source: https://useinsider.com/assets/js/lever.js (62)
[46740:44160:0906/233732.396:INFO:CONSOLE:62] "paris-france", source: https://useinsider.com/assets/js/lever.js (62)
[46740:44160:0906/233732.396:INFO:CONSOLE:62] "kualalumpur-malaysia", source: https://useinsider.com/assets/js/lever.js (62)
[46740:44160:0906/233732.396:INFO:CONSOLE:62] "london-unitedkingdom", source: https://useinsider.com/assets/js/lever.js (62)
[46740:44160:0906/233732.396:INFO:CONSOLE:62] "london-unitedkingdom", source: https://useinsider.com/assets/js/lever.js (62)
[46740:44160:0906/233732.396:INFO:CONSOLE:62] "saopaulo-brazil", source: https://useinsider.com/assets/js/lever.js (62)
[46740:44160:0906/233732.396:INFO:CONSOLE:62] "taipei-taiwan", source: https://useinsider.com/assets/js/lever.js (62)
[46740:44160:0906/233732.396:INFO:CONSOLE:62] "istanbul-turkiye", source: https://useinsider.com/assets/js/lever.js (62)
[46740:44160:0906/233732.396:INFO:CONSOLE:62] "istanbul-turkiye", source: https://useinsider.com/assets/js/lever.js (62)
[46740:44160:0906/233732.396:INFO:CONSOLE:62] "berlin-germany", source: https://useinsider.com/assets/js/lever.js (62)
[46740:44160:0906/233732.396:INFO:CONSOLE:62] "jakarta-indonesia", source: https://useinsider.com/assets/js/lever.js (62)
[46740:44160:0906/233732.396:INFO:CONSOLE:62] "seoul-southkorea", source: https://useinsider.com/assets/js/lever.js (62)
[46740:44160:0906/233732.396:INFO:CONSOLE:62] "saopaulo-brazil", source: https://useinsider.com/assets/js/lever.js (62)
[46740:44160:0906/233732.396:INFO:CONSOLE:62] "istanbul-turkiye", source: https://useinsider.com/assets/js/lever.js (62)
[46740:44160:0906/233732.396:INFO:CONSOLE:62] "istanbul-turkiye", source: https://useinsider.com/assets/js/lever.js (62)
[46740:44160:0906/233732.396:INFO:CONSOLE:62] "istanbul-turkiye", source: https://useinsider.com/assets/js/lever.js (62)
[46740:44160:0906/233732.397:INFO:CONSOLE:62] "kualalumpur-malaysia", source: https://useinsider.com/assets/js/lever.js (62)
[46740:44160:0906/233732.397:INFO:CONSOLE:62] "istanbul-turkiye", source: https://useinsider.com/assets/js/lever.js (62)
[46740:44160:0906/233732.397:INFO:CONSOLE:62] "istanbul-turkiye", source: https://useinsider.com/assets/js/lever.js (62)
[46740:44160:0906/233732.397:INFO:CONSOLE:62] "istanbul-turkiye", source: https://useinsider.com/assets/js/lever.js (62)
[46740:44160:0906/233732.397:INFO:CONSOLE:62] "turkey", source: https://useinsider.com/assets/js/lever.js (62)
[46740:44160:0906/233732.397:INFO:CONSOLE:62] "istanbul-turkiye", source: https://useinsider.com/assets/js/lever.js (62)
[46740:44160:0906/233732.397:INFO:CONSOLE:62] "istanbul-turkiye", source: https://useinsider.com/assets/js/lever.js (62)
[46740:44160:0906/233732.397:INFO:CONSOLE:62] "istanbul-turkiye", source: https://useinsider.com/assets/js/lever.js (62)
[46740:44160:0906/233732.397:INFO:CONSOLE:62] "istanbul-turkiye", source: https://useinsider.com/assets/js/lever.js (62)
[46740:44160:0906/233732.397:INFO:CONSOLE:62] "istanbul-turkiye", source: https://useinsider.com/assets/js/lever.js (62)
[46740:44160:0906/233732.397:INFO:CONSOLE:62] "unitedstates", source: https://useinsider.com/assets/js/lever.js (62)
[46740:44160:0906/233732.397:INFO:CONSOLE:62] "istanbul-turkiye", source: https://useinsider.com/assets/js/lever.js (62)
[46740:44160:0906/233732.397:INFO:CONSOLE:62] "istanbul-turkiye", source: https://useinsider.com/assets/js/lever.js (62)
[46740:44160:0906/233732.397:INFO:CONSOLE:62] "istanbul-turkiye", source: https://useinsider.com/assets/js/lever.js (62)
[46740:44160:0906/233732.397:INFO:CONSOLE:62] "istanbul-turkiye", source: https://useinsider.com/assets/js/lever.js (62)
[46740:44160:0906/233732.397:INFO:CONSOLE:62] "istanbul-turkiye", source: https://useinsider.com/assets/js/lever.js (62)
[46740:44160:0906/233732.397:INFO:CONSOLE:62] "istanbul-turkiye", source: https://useinsider.com/assets/js/lever.js (62)
[46740:44160:0906/233732.397:INFO:CONSOLE:62] "istanbul-turkiye", source: https://useinsider.com/assets/js/lever.js (62)
[46740:44160:0906/233732.397:INFO:CONSOLE:62] "istanbul-turkiye", source: https://useinsider.com/assets/js/lever.js (62)
[46740:44160:0906/233732.397:INFO:CONSOLE:62] "istanbul", source: https://useinsider.com/assets/js/lever.js (62)
[46740:44160:0906/233732.397:INFO:CONSOLE:62] "istanbul-turkiye", source: https://useinsider.com/assets/js/lever.js (62)
[46740:44160:0906/233732.397:INFO:CONSOLE:62] "istanbul", source: https://useinsider.com/assets/js/lever.js (62)
[46740:44160:0906/233732.397:INFO:CONSOLE:62] "istanbul-turkiye", source: https://useinsider.com/assets/js/lever.js (62)
[46740:44160:0906/233732.397:INFO:CONSOLE:62] "istanbul-turkiye", source: https://useinsider.com/assets/js/lever.js (62)
[46740:44160:0906/233732.397:INFO:CONSOLE:62] "berlin-germany", source: https://useinsider.com/assets/js/lever.js (62)
[46740:44160:0906/233732.397:INFO:CONSOLE:62] "sydney-australia", source: https://useinsider.com/assets/js/lever.js (62)
[46740:44160:0906/233732.397:INFO:CONSOLE:62] "saopaulo-brazil", source: https://useinsider.com/assets/js/lever.js (62)
[46740:44160:0906/233732.397:INFO:CONSOLE:62] "saopaulo-brazil", source: https://useinsider.com/assets/js/lever.js (62)
[46740:44160:0906/233732.397:INFO:CONSOLE:62] "chile-chile", source: https://useinsider.com/assets/js/lever.js (62)
[46740:44160:0906/233732.397:INFO:CONSOLE:62] "bogota-colombia", source: https://useinsider.com/assets/js/lever.js (62)
[46740:44160:0906/233732.397:INFO:CONSOLE:62] "bengaluru", source: https://useinsider.com/assets/js/lever.js (62)
[46740:44160:0906/233732.397:INFO:CONSOLE:62] "seoul-southkorea", source: https://useinsider.com/assets/js/lever.js (62)
[46740:44160:0906/233732.397:INFO:CONSOLE:62] "berlin-germany", source: https://useinsider.com/assets/js/lever.js (62)
[46740:44160:0906/233732.397:INFO:CONSOLE:62] "saopaulo-brazil", source: https://useinsider.com/assets/js/lever.js (62)
[46740:44160:0906/233732.397:INFO:CONSOLE:62] "bogota-colombia", source: https://useinsider.com/assets/js/lever.js (62)
[46740:44160:0906/233732.397:INFO:CONSOLE:62] "saopaulo-brazil", source: https://useinsider.com/assets/js/lever.js (62)
[46740:44160:0906/233732.397:INFO:CONSOLE:62] "istanbul-turkiye", source: https://useinsider.com/assets/js/lever.js (62)
[46740:44160:0906/233732.398:INFO:CONSOLE:62] "saopaulo-brazil", source: https://useinsider.com/assets/js/lever.js (62)
[46740:44160:0906/233732.398:INFO:CONSOLE:62] "taipei-taiwan", source: https://useinsider.com/assets/js/lever.js (62)
[46740:44160:0906/233732.398:INFO:CONSOLE:62] "taipei-taiwan", source: https://useinsider.com/assets/js/lever.js (62)
[46740:44160:0906/233732.398:INFO:CONSOLE:62] "saopaulo-brazil", source: https://useinsider.com/assets/js/lever.js (62)
[46740:44160:0906/233732.398:INFO:CONSOLE:62] "istanbul-turkiye", source: https://useinsider.com/assets/js/lever.js (62)
[46740:44160:0906/233732.398:INFO:CONSOLE:62] "jakarta-indonesia", source: https://useinsider.com/assets/js/lever.js (62)
[46740:44160:0906/233732.398:INFO:CONSOLE:62] "kualalumpur-malaysia", source: https://useinsider.com/assets/js/lever.js (62)
[46740:44160:0906/233732.398:INFO:CONSOLE:62] "bangkok-thailand", source: https://useinsider.com/assets/js/lever.js (62)
[46740:44160:0906/233732.398:INFO:CONSOLE:62] "hochiminhcity-vietnam", source: https://useinsider.com/assets/js/lever.js (62)
[46740:44160:0906/233732.398:INFO:CONSOLE:62] "istanbul-turkiye", source: https://useinsider.com/assets/js/lever.js (62)
[46740:44160:0906/233732.398:INFO:CONSOLE:62] "istanbul-turkiye", source: https://useinsider.com/assets/js/lever.js (62)
[46740:44160:0906/233732.398:INFO:CONSOLE:62] "istanbul-turkiye", source: https://useinsider.com/assets/js/lever.js (62)
[46740:44160:0906/233732.398:INFO:CONSOLE:62] "istanbul-turkiye", source: https://useinsider.com/assets/js/lever.js (62)
[46740:44160:0906/233732.398:INFO:CONSOLE:62] "turkey", source: https://useinsider.com/assets/js/lever.js (62)
[46740:44160:0906/233732.398:INFO:CONSOLE:62] "istanbul-turkiye", source: https://useinsider.com/assets/js/lever.js (62)
[46740:44160:0906/233732.398:INFO:CONSOLE:62] "mexicocity-mexico", source: https://useinsider.com/assets/js/lever.js (62)
[46740:44160:0906/233732.398:INFO:CONSOLE:62] "istanbul-turkiye", source: https://useinsider.com/assets/js/lever.js (62)
[41976:37912:0906/233737.124:WARNING:net\extras\sqlite\sqlite_persistent_store_backend_base.cc:176] Failed to post task from FlushAndNotifyInBackground@net\extras\sqlite\sqlite_persistent_store_backend_base.cc:226 to client_task_runner_.
[41976:37912:0906/233737.124:WARNING:net\extras\sqlite\sqlite_persistent_store_backend_base.cc:176] Failed to post task from FlushAndNotifyInBackground@net\extras\sqlite\sqlite_persistent_store_backend_base.cc:226 to client_task_runner_.
